# JRE version: OpenJDK Runtime Environment (8.0_212-b04) (build 1.8.0_212-release-1586-b04)
# Java VM: OpenJDK 64-Bit Server VM (25.212-b04 mixed mode windows-amd64 compressed oops)
Heap:
 PSYoungGen      total 390144K, used 297187K [0x00000000e0000000, 0x00000000fc300000, 0x0000000100000000)
  eden space 357376K, 76% used [0x00000000e0000000,0x00000000f0a03790,0x00000000f5d00000)
  from space 32768K, 75% used [0x00000000f7f80000,0x00000000f97b55d8,0x00000000f9f80000)
  to   space 35328K, 0% used [0x00000000f5d00000,0x00000000f5d00000,0x00000000f7f80000)
 ParOldGen       total 213504K, used 46585K [0x00000000a0000000, 0x00000000ad080000, 0x00000000e0000000)
  object space 213504K, 21% used [0x00000000a0000000,0x00000000a2d7e6a0,0x00000000ad080000)
 Metaspace       used 100658K, capacity 105686K, committed 106432K, reserved 1140736K
  class space    used 12918K, capacity 13950K, committed 14296K, reserved 1048576K
GC Heap History (10 events):
Event: 64.074 GC heap before
{Heap before GC invocations=26 (full 3):
 PSYoungGen      total 360960K, used 360930K [0x00000000e0000000, 0x00000000f9700000, 0x0000000100000000)
  eden space 329728K, 100% used [0x00000000e0000000,0x00000000f4200000,0x00000000f4200000)
  from space 31232K, 99% used [0x00000000f6900000,0x00000000f87788b0,0x00000000f8780000)
  to   space 39936K, 0% used [0x00000000f4200000,0x00000000f4200000,0x00000000f6900000)
 ParOldGen       total 141312K, used 94207K [0x00000000a0000000, 0x00000000a8a00000, 0x00000000e0000000)
  object space 141312K, 66% used [0x00000000a0000000,0x00000000a5bffef8,0x00000000a8a00000)
 Metaspace       used 87194K, capacity 92200K, committed 92504K, reserved 1128448K
  class space    used 11656K, capacity 12579K, committed 12632K, reserved 1048576K
Event: 64.137 GC heap after
Heap after GC invocations=26 (full 3):
 PSYoungGen      total 369664K, used 13341K [0x00000000e0000000, 0x00000000fbf80000, 0x0000000100000000)
  eden space 329728K, 0% used [0x00000000e0000000,0x00000000e0000000,0x00000000f4200000)
  from space 39936K, 33% used [0x00000000f4200000,0x00000000f4f076a8,0x00000000f6900000)
  to   space 37376K, 0% used [0x00000000f9b00000,0x00000000f9b00000,0x00000000fbf80000)
 ParOldGen       total 141312K, used 108504K [0x00000000a0000000, 0x00000000a8a00000, 0x00000000e0000000)
  object space 141312K, 76% used [0x00000000a0000000,0x00000000a69f63b0,0x00000000a8a00000)
 Metaspace       used 87194K, capacity 92200K, committed 92504K, reserved 1128448K
  class space    used 11656K, capacity 12579K, committed 12632K, reserved 1048576K
}
Event: 3189.692 GC heap before
{Heap before GC invocations=27 (full 3):
 PSYoungGen      total 369664K, used 343069K [0x00000000e0000000, 0x00000000fbf80000, 0x0000000100000000)
  eden space 329728K, 100% used [0x00000000e0000000,0x00000000f4200000,0x00000000f4200000)
  from space 39936K, 33% used [0x00000000f4200000,0x00000000f4f076a8,0x00000000f6900000)
  to   space 37376K, 0% used [0x00000000f9b00000,0x00000000f9b00000,0x00000000fbf80000)
 ParOldGen       total 141312K, used 108504K [0x00000000a0000000, 0x00000000a8a00000, 0x00000000e0000000)
  object space 141312K, 76% used [0x00000000a0000000,0x00000000a69f63b0,0x00000000a8a00000)
 Metaspace       used 88158K, capacity 93264K, committed 93528K, reserved 1130496K
  class space    used 11689K, capacity 12615K, committed 12632K, reserved 1048576K
Event: 3189.740 GC heap after
Heap after GC invocations=27 (full 3):
 PSYoungGen      total 397312K, used 12745K [0x00000000e0000000, 0x00000000fb180000, 0x0000000100000000)
  eden space 374272K, 0% used [0x00000000e0000000,0x00000000e0000000,0x00000000f6d80000)
  from space 23040K, 55% used [0x00000000f9b00000,0x00000000fa7725e0,0x00000000fb180000)
  to   space 34816K, 0% used [0x00000000f6d80000,0x00000000f6d80000,0x00000000f8f80000)
 ParOldGen       total 141312K, used 108512K [0x00000000a0000000, 0x00000000a8a00000, 0x00000000e0000000)
  object space 141312K, 76% used [0x00000000a0000000,0x00000000a69f83b0,0x00000000a8a00000)
 Metaspace       used 88158K, capacity 93264K, committed 93528K, reserved 1130496K
  class space    used 11689K, capacity 12615K, committed 12632K, reserved 1048576K
}
Event: 8027.359 GC heap before
{Heap before GC invocations=28 (full 3):
 PSYoungGen      total 397312K, used 150297K [0x00000000e0000000, 0x00000000fb180000, 0x0000000100000000)
  eden space 374272K, 36% used [0x00000000e0000000,0x00000000e8653fd0,0x00000000f6d80000)
  from space 23040K, 55% used [0x00000000f9b00000,0x00000000fa7725e0,0x00000000fb180000)
  to   space 34816K, 0% used [0x00000000f6d80000,0x00000000f6d80000,0x00000000f8f80000)
 ParOldGen       total 141312K, used 108512K [0x00000000a0000000, 0x00000000a8a00000, 0x00000000e0000000)
  object space 141312K, 76% used [0x00000000a0000000,0x00000000a69f83b0,0x00000000a8a00000)
 Metaspace       used 92950K, capacity 98432K, committed 98496K, reserved 1134592K
  class space    used 12248K, capacity 13267K, committed 13272K, reserved 1048576K
Event: 8027.397 GC heap after
Heap after GC invocations=28 (full 3):
 PSYoungGen      total 373248K, used 13077K [0x00000000e0000000, 0x00000000f9f80000, 0x0000000100000000)
  eden space 359936K, 0% used [0x00000000e0000000,0x00000000e0000000,0x00000000f5f80000)
  from space 13312K, 98% used [0x00000000f6d80000,0x00000000f7a45480,0x00000000f7a80000)
  to   space 32768K, 0% used [0x00000000f7f80000,0x00000000f7f80000,0x00000000f9f80000)
 ParOldGen       total 141312K, used 108520K [0x00000000a0000000, 0x00000000a8a00000, 0x00000000e0000000)
  object space 141312K, 76% used [0x00000000a0000000,0x00000000a69fa3b0,0x00000000a8a00000)
 Metaspace       used 92950K, capacity 98432K, committed 98496K, reserved 1134592K
  class space    used 12248K, capacity 13267K, committed 13272K, reserved 1048576K
}
Event: 8027.397 GC heap before
{Heap before GC invocations=29 (full 4):
 PSYoungGen      total 373248K, used 13077K [0x00000000e0000000, 0x00000000f9f80000, 0x0000000100000000)
  eden space 359936K, 0% used [0x00000000e0000000,0x00000000e0000000,0x00000000f5f80000)
  from space 13312K, 98% used [0x00000000f6d80000,0x00000000f7a45480,0x00000000f7a80000)
  to   space 32768K, 0% used [0x00000000f7f80000,0x00000000f7f80000,0x00000000f9f80000)
 ParOldGen       total 141312K, used 108520K [0x00000000a0000000, 0x00000000a8a00000, 0x00000000e0000000)
  object space 141312K, 76% used [0x00000000a0000000,0x00000000a69fa3b0,0x00000000a8a00000)
 Metaspace       used 92950K, capacity 98432K, committed 98496K, reserved 1134592K
  class space    used 12248K, capacity 13267K, committed 13272K, reserved 1048576K
Event: 8027.693 GC heap after
Heap after GC invocations=29 (full 4):
 PSYoungGen      total 373248K, used 0K [0x00000000e0000000, 0x00000000f9f80000, 0x0000000100000000)
  eden space 359936K, 0% used [0x00000000e0000000,0x00000000e0000000,0x00000000f5f80000)
  from space 13312K, 0% used [0x00000000f6d80000,0x00000000f6d80000,0x00000000f7a80000)
  to   space 32768K, 0% used [0x00000000f7f80000,0x00000000f7f80000,0x00000000f9f80000)
 ParOldGen       total 213504K, used 46577K [0x00000000a0000000, 0x00000000ad080000, 0x00000000e0000000)
  object space 213504K, 21% used [0x00000000a0000000,0x00000000a2d7c6a0,0x00000000ad080000)
 Metaspace       used 90759K, capacity 94150K, committed 98496K, reserved 1134592K
  class space    used 11722K, capacity 12383K, committed 13272K, reserved 1048576K
}
Event: 8053.254 GC heap before
{Heap before GC invocations=30 (full 4):
 PSYoungGen      total 373248K, used 359936K [0x00000000e0000000, 0x00000000f9f80000, 0x0000000100000000)
  eden space 359936K, 100% used [0x00000000e0000000,0x00000000f5f80000,0x00000000f5f80000)
  from space 13312K, 0% used [0x00000000f6d80000,0x00000000f6d80000,0x00000000f7a80000)
  to   space 32768K, 0% used [0x00000000f7f80000,0x00000000f7f80000,0x00000000f9f80000)
 ParOldGen       total 213504K, used 46577K [0x00000000a0000000, 0x00000000ad080000, 0x00000000e0000000)
  object space 213504K, 21% used [0x00000000a0000000,0x00000000a2d7c6a0,0x00000000ad080000)
 Metaspace       used 98016K, capacity 102412K, committed 104128K, reserved 1138688K
  class space    used 12647K, capacity 13560K, committed 14040K, reserved 1048576K
Event: 8053.300 GC heap after
Heap after GC invocations=30 (full 4):
 PSYoungGen      total 390144K, used 24789K [0x00000000e0000000, 0x00000000fc300000, 0x0000000100000000)
  eden space 357376K, 0% used [0x00000000e0000000,0x00000000e0000000,0x00000000f5d00000)
  from space 32768K, 75% used [0x00000000f7f80000,0x00000000f97b55d8,0x00000000f9f80000)
  to   space 35328K, 0% used [0x00000000f5d00000,0x00000000f5d00000,0x00000000f7f80000)
 ParOldGen       total 213504K, used 46585K [0x00000000a0000000, 0x00000000ad080000, 0x00000000e0000000)
  object space 213504K, 21% used [0x00000000a0000000,0x00000000a2d7e6a0,0x00000000ad080000)
 Metaspace       used 98016K, capacity 102412K, committed 104128K, reserved 1138688K
  class space    used 12647K, capacity 13560K, committed 14040K, reserved 1048576K
}

