# JRE version: OpenJDK Runtime Environment (8.0_212-b04) (build 1.8.0_212-release-1586-b04)
# Java VM: OpenJDK 64-Bit Server VM (25.212-b04 mixed mode windows-amd64 compressed oops)
Heap:
 PSYoungGen      total 469504K, used 222983K [0x00000000e0000000, 0x00000000ffa80000, 0x0000000100000000)
  eden space 455168K, 48% used [0x00000000e0000000,0x00000000ed9c1d60,0x00000000fbc80000)
  from space 14336K, 0% used [0x00000000fbc80000,0x00000000fbc80000,0x00000000fca80000)
  to   space 31744K, 0% used [0x00000000fdb80000,0x00000000fdb80000,0x00000000ffa80000)
 ParOldGen       total 138752K, used 54923K [0x00000000a0000000, 0x00000000a8780000, 0x00000000e0000000)
  object space 138752K, 39% used [0x00000000a0000000,0x00000000a35a2fb0,0x00000000a8780000)
 Metaspace       used 89407K, capacity 93232K, committed 95872K, reserved 1132544K
  class space    used 11562K, capacity 12325K, committed 12928K, reserved 1048576K
GC Heap History (10 events):
Event: 2275.130 GC heap before
{Heap before GC invocations=13 (full 3):
 PSYoungGen      total 492544K, used 469504K [0x00000000e0000000, 0x0000000100000000, 0x0000000100000000)
  eden space 469504K, 100% used [0x00000000e0000000,0x00000000fca80000,0x00000000fca80000)
  from space 23040K, 0% used [0x00000000fca80000,0x00000000fca80000,0x00000000fe100000)
  to   space 25088K, 0% used [0x00000000fe780000,0x00000000fe780000,0x0000000100000000)
 ParOldGen       total 93184K, used 32302K [0x00000000a0000000, 0x00000000a5b00000, 0x00000000e0000000)
  object space 93184K, 34% used [0x00000000a0000000,0x00000000a1f8b958,0x00000000a5b00000)
 Metaspace       used 75050K, capacity 78808K, committed 78976K, reserved 1118208K
  class space    used 9976K, capacity 10790K, committed 10880K, reserved 1048576K
Event: 2275.275 GC heap after
Heap after GC invocations=13 (full 3):
 PSYoungGen      total 480768K, used 25059K [0x00000000e0000000, 0x0000000100000000, 0x0000000100000000)
  eden space 455680K, 0% used [0x00000000e0000000,0x00000000e0000000,0x00000000fbd00000)
  from space 25088K, 99% used [0x00000000fe780000,0x00000000ffff8d50,0x0000000100000000)
  to   space 34304K, 0% used [0x00000000fbd00000,0x00000000fbd00000,0x00000000fde80000)
 ParOldGen       total 93184K, used 46699K [0x00000000a0000000, 0x00000000a5b00000, 0x00000000e0000000)
  object space 93184K, 50% used [0x00000000a0000000,0x00000000a2d9af00,0x00000000a5b00000)
 Metaspace       used 75050K, capacity 78808K, committed 78976K, reserved 1118208K
  class space    used 9976K, capacity 10790K, committed 10880K, reserved 1048576K
}
Event: 2566.413 GC heap before
{Heap before GC invocations=14 (full 3):
 PSYoungGen      total 480768K, used 480739K [0x00000000e0000000, 0x0000000100000000, 0x0000000100000000)
  eden space 455680K, 100% used [0x00000000e0000000,0x00000000fbd00000,0x00000000fbd00000)
  from space 25088K, 99% used [0x00000000fe780000,0x00000000ffff8d50,0x0000000100000000)
  to   space 34304K, 0% used [0x00000000fbd00000,0x00000000fbd00000,0x00000000fde80000)
 ParOldGen       total 93184K, used 46699K [0x00000000a0000000, 0x00000000a5b00000, 0x00000000e0000000)
  object space 93184K, 50% used [0x00000000a0000000,0x00000000a2d9af00,0x00000000a5b00000)
 Metaspace       used 80330K, capacity 84388K, committed 84608K, reserved 1122304K
  class space    used 10459K, capacity 11318K, committed 11392K, reserved 1048576K
Event: 2566.469 GC heap after
Heap after GC invocations=14 (full 3):
 PSYoungGen      total 478208K, used 22402K [0x00000000e0000000, 0x0000000100000000, 0x0000000100000000)
  eden space 455680K, 0% used [0x00000000e0000000,0x00000000e0000000,0x00000000fbd00000)
  from space 22528K, 99% used [0x00000000fbd00000,0x00000000fd2e08d0,0x00000000fd300000)
  to   space 35328K, 0% used [0x00000000fdd80000,0x00000000fdd80000,0x0000000100000000)
 ParOldGen       total 93184K, used 70189K [0x00000000a0000000, 0x00000000a5b00000, 0x00000000e0000000)
  object space 93184K, 75% used [0x00000000a0000000,0x00000000a448b6e0,0x00000000a5b00000)
 Metaspace       used 80330K, capacity 84388K, committed 84608K, reserved 1122304K
  class space    used 10459K, capacity 11318K, committed 11392K, reserved 1048576K
}
Event: 2655.506 GC heap before
{Heap before GC invocations=15 (full 3):
 PSYoungGen      total 478208K, used 478082K [0x00000000e0000000, 0x0000000100000000, 0x0000000100000000)
  eden space 455680K, 100% used [0x00000000e0000000,0x00000000fbd00000,0x00000000fbd00000)
  from space 22528K, 99% used [0x00000000fbd00000,0x00000000fd2e08d0,0x00000000fd300000)
  to   space 35328K, 0% used [0x00000000fdd80000,0x00000000fdd80000,0x0000000100000000)
 ParOldGen       total 93184K, used 70189K [0x00000000a0000000, 0x00000000a5b00000, 0x00000000e0000000)
  object space 93184K, 75% used [0x00000000a0000000,0x00000000a448b6e0,0x00000000a5b00000)
 Metaspace       used 87561K, capacity 92592K, committed 92672K, reserved 1130496K
  class space    used 11498K, capacity 12500K, committed 12544K, reserved 1048576K
Event: 2655.538 GC heap after
Heap after GC invocations=15 (full 3):
 PSYoungGen      total 490496K, used 12234K [0x00000000e0000000, 0x0000000100000000, 0x0000000100000000)
  eden space 455168K, 0% used [0x00000000e0000000,0x00000000e0000000,0x00000000fbc80000)
  from space 35328K, 34% used [0x00000000fdd80000,0x00000000fe972b88,0x0000000100000000)
  to   space 33792K, 0% used [0x00000000fbc80000,0x00000000fbc80000,0x00000000fdd80000)
 ParOldGen       total 93184K, used 73102K [0x00000000a0000000, 0x00000000a5b00000, 0x00000000e0000000)
  object space 93184K, 78% used [0x00000000a0000000,0x00000000a4763870,0x00000000a5b00000)
 Metaspace       used 87561K, capacity 92592K, committed 92672K, reserved 1130496K
  class space    used 11498K, capacity 12500K, committed 12544K, reserved 1048576K
}
Event: 3164.298 GC heap before
{Heap before GC invocations=16 (full 3):
 PSYoungGen      total 490496K, used 467402K [0x00000000e0000000, 0x0000000100000000, 0x0000000100000000)
  eden space 455168K, 100% used [0x00000000e0000000,0x00000000fbc80000,0x00000000fbc80000)
  from space 35328K, 34% used [0x00000000fdd80000,0x00000000fe972b88,0x0000000100000000)
  to   space 33792K, 0% used [0x00000000fbc80000,0x00000000fbc80000,0x00000000fdd80000)
 ParOldGen       total 93184K, used 73102K [0x00000000a0000000, 0x00000000a5b00000, 0x00000000e0000000)
  object space 93184K, 78% used [0x00000000a0000000,0x00000000a4763870,0x00000000a5b00000)
 Metaspace       used 88187K, capacity 93500K, committed 93824K, reserved 1130496K
  class space    used 11566K, capacity 12598K, committed 12672K, reserved 1048576K
Event: 3164.309 GC heap after
Heap after GC invocations=16 (full 3):
 PSYoungGen      total 469504K, used 14312K [0x00000000e0000000, 0x00000000ffa80000, 0x0000000100000000)
  eden space 455168K, 0% used [0x00000000e0000000,0x00000000e0000000,0x00000000fbc80000)
  from space 14336K, 99% used [0x00000000fbc80000,0x00000000fca7a2b8,0x00000000fca80000)
  to   space 31744K, 0% used [0x00000000fdb80000,0x00000000fdb80000,0x00000000ffa80000)
 ParOldGen       total 93184K, used 75600K [0x00000000a0000000, 0x00000000a5b00000, 0x00000000e0000000)
  object space 93184K, 81% used [0x00000000a0000000,0x00000000a49d41a8,0x00000000a5b00000)
 Metaspace       used 88187K, capacity 93500K, committed 93824K, reserved 1130496K
  class space    used 11566K, capacity 12598K, committed 12672K, reserved 1048576K
}
Event: 3164.309 GC heap before
{Heap before GC invocations=17 (full 4):
 PSYoungGen      total 469504K, used 14312K [0x00000000e0000000, 0x00000000ffa80000, 0x0000000100000000)
  eden space 455168K, 0% used [0x00000000e0000000,0x00000000e0000000,0x00000000fbc80000)
  from space 14336K, 99% used [0x00000000fbc80000,0x00000000fca7a2b8,0x00000000fca80000)
  to   space 31744K, 0% used [0x00000000fdb80000,0x00000000fdb80000,0x00000000ffa80000)
 ParOldGen       total 93184K, used 75600K [0x00000000a0000000, 0x00000000a5b00000, 0x00000000e0000000)
  object space 93184K, 81% used [0x00000000a0000000,0x00000000a49d41a8,0x00000000a5b00000)
 Metaspace       used 88187K, capacity 93500K, committed 93824K, reserved 1130496K
  class space    used 11566K, capacity 12598K, committed 12672K, reserved 1048576K
Event: 3164.715 GC heap after
Heap after GC invocations=17 (full 4):
 PSYoungGen      total 469504K, used 0K [0x00000000e0000000, 0x00000000ffa80000, 0x0000000100000000)
  eden space 455168K, 0% used [0x00000000e0000000,0x00000000e0000000,0x00000000fbc80000)
  from space 14336K, 0% used [0x00000000fbc80000,0x00000000fbc80000,0x00000000fca80000)
  to   space 31744K, 0% used [0x00000000fdb80000,0x00000000fdb80000,0x00000000ffa80000)
 ParOldGen       total 138752K, used 54923K [0x00000000a0000000, 0x00000000a8780000, 0x00000000e0000000)
  object space 138752K, 39% used [0x00000000a0000000,0x00000000a35a2fb0,0x00000000a8780000)
 Metaspace       used 85951K, capacity 89834K, committed 93824K, reserved 1130496K
  class space    used 11159K, capacity 11918K, committed 12672K, reserved 1048576K
}

